c:\users\sam hirst\desktop\year4\gp3\labs\lab6\lab9\gp3coursework\lab9\debug\vc120.pdb
c:\users\sam hirst\desktop\year4\gp3\labs\lab6\lab9\gp3coursework\lab9\debug\vc120.idb
c:\users\sam hirst\desktop\year4\gp3\labs\lab6\lab9\gp3coursework\lab9\debug\cenemy.obj
c:\users\sam hirst\desktop\year4\gp3\labs\lab6\lab9\gp3coursework\lab9\debug\claser.obj
c:\users\sam hirst\desktop\year4\gp3\labs\lab6\lab9\gp3coursework\lab9\debug\cmodel.obj
c:\users\sam hirst\desktop\year4\gp3\labs\lab6\lab9\gp3coursework\lab9\debug\cmodelloader.obj
c:\users\sam hirst\desktop\year4\gp3\labs\lab6\lab9\gp3coursework\lab9\debug\cplayer.obj
c:\users\sam hirst\desktop\year4\gp3\labs\lab6\lab9\gp3coursework\lab9\debug\csound.obj
c:\users\sam hirst\desktop\year4\gp3\labs\lab6\lab9\gp3coursework\lab9\debug\cwndmanager.obj
c:\users\sam hirst\desktop\year4\gp3\labs\lab6\lab9\gp3coursework\lab9\debug\gameconstants.obj
c:\users\sam hirst\desktop\year4\gp3\labs\lab6\lab9\gp3coursework\lab9\debug\main.obj
c:\users\sam hirst\desktop\year4\gp3\labs\lab6\lab9\gp3coursework\lab9\debug\windowogl.obj
c:\users\sam hirst\desktop\year4\gp3\labs\lab6\lab9\gp3coursework\debug\lab9.ilk
c:\users\sam hirst\desktop\year4\gp3\labs\lab6\lab9\gp3coursework\debug\lab9.exe
c:\users\sam hirst\desktop\year4\gp3\labs\lab6\lab9\gp3coursework\debug\lab9.pdb
c:\users\sam hirst\desktop\year4\gp3\labs\lab6\lab9\gp3coursework\lab9\debug\lab9.tlog\cl.command.1.tlog
c:\users\sam hirst\desktop\year4\gp3\labs\lab6\lab9\gp3coursework\lab9\debug\lab9.tlog\cl.read.1.tlog
c:\users\sam hirst\desktop\year4\gp3\labs\lab6\lab9\gp3coursework\lab9\debug\lab9.tlog\cl.write.1.tlog
c:\users\sam hirst\desktop\year4\gp3\labs\lab6\lab9\gp3coursework\lab9\debug\lab9.tlog\link.command.1.tlog
c:\users\sam hirst\desktop\year4\gp3\labs\lab6\lab9\gp3coursework\lab9\debug\lab9.tlog\link.read.1.tlog
c:\users\sam hirst\desktop\year4\gp3\labs\lab6\lab9\gp3coursework\lab9\debug\lab9.tlog\link.write.1.tlog
